#
# There is insufficient memory for the Java Runtime Environment to continue.
# Native memory allocation (mmap) failed to map 134217728 bytes for Failed to commit area from 0x0000000081e00000 to 0x0000000089e00000 of length 134217728.
# Possible reasons:
#   The system is out of physical RAM or swap space
#   The process is running with CompressedOops enabled, and the Java Heap may be blocking the growth of the native heap
# Possible solutions:
#   Reduce memory load on the system
#   Increase physical memory or swap space
#   Check if swap backing store is full
#   Decrease Java heap size (-Xmx/-Xms)
#   Decrease number of Java threads
#   Decrease Java thread stack sizes (-Xss)
#   Set larger code cache with -XX:ReservedCodeCacheSize=
# This output file may be truncated or incomplete.
#
#  Out of Memory Error (c:/BuildAgent/work/494cbf65e275b67e/src/hotspot/os/windows/os_windows.cpp:3272), pid=9308, tid=15572
#
# JRE version:  (11.0.3+12) (build )
# Java VM: OpenJDK 64-Bit Server VM (11.0.3+12-b304.10, mixed mode, aot, sharing, tiered, compressed oops, g1 gc, windows-amd64)
# No core dump will be written. Minidumps are not enabled by default on client versions of Windows
#

---------------  S U M M A R Y ------------

Command Line: Average

Host: Intel(R) Core(TM) i5-7200U CPU @ 2.50GHz, 4 cores, 7G,  Windows 10 , 64 bit Build 18362 (10.0.18362.329)
Time: Mon Feb  3 20:45:34 2020 ?D1ú±ê×?ê±?? elapsed time: 0 seconds (0d 0h 0m 0s)

---------------  T H R E A D  ---------------

Current thread (0x0000024b08c58800):  JavaThread "Unknown thread" [_thread_in_vm, id=15572, stack(0x000000df71f00000,0x000000df72000000)]

Stack: [0x000000df71f00000,0x000000df72000000]
Native frames: (J=compiled Java code, j=interpreted, Vv=VM code, C=native code)
V  [jvm.dll+0x5da77a]
V  [jvm.dll+0x70b9c9]
V  [jvm.dll+0x70cee8]
V  [jvm.dll+0x70d5b3]
V  [jvm.dll+0x23ddc8]
V  [jvm.dll+0x5d7ef4]
V  [jvm.dll+0x5ccfc5]
V  [jvm.dll+0x2fa44b]
V  [jvm.dll+0x2fa3ba]
V  [jvm.dll+0x2fa292]
V  [jvm.dll+0x2ff156]
V  [jvm.dll+0x3474c3]
V  [jvm.dll+0x347bc6]
V  [jvm.dll+0x3475c3]
V  [jvm.dll+0x2d4f68]
V  [jvm.dll+0x2d6107]
V  [jvm.dll+0x6eabf7]
V  [jvm.dll+0x6ec38c]
V  [jvm.dll+0x354c29]
V  [jvm.dll+0x6d28ae]
V  [jvm.dll+0x3bd363]
V  [jvm.dll+0x3bf7a1]
C  [java.exe+0x3763]
C  [java.exe+0x17a0c]
C  [KERNEL32.DLL+0x17bd4]
C  [ntdll.dll+0x6ced1]


---------------  P R O C E S S  ---------------

Threads class SMR info:
_java_thread_list=0x0000024b06bbae90, length=0, elements={
}

Java Threads: ( => current thread )

Other Threads:
  0x0000024b08c71800 GCTaskThread "GC Thread#0" [stack: 0x000000df72000000,0x000000df72100000] [id=15756]
  0x0000024b08ca0800 ConcurrentGCThread "G1 Main Marker" [stack: 0x000000df72100000,0x000000df72200000] [id=5852]
  0x0000024b08ca2000 ConcurrentGCThread "G1 Conc#0" [stack: 0x000000df72200000,0x000000df72300000] [id=10900]

[error occurred during error reporting (printing all threads), id 0xc0000005, EXCEPTION_ACCESS_VIOLATION (0xc0000005) at pc=0x00007fff96455507]

VM state:not at safepoint (not fully initialized)

VM Mutex/Monitor currently owned by a thread:  ([mutex/lock_event])
[0x0000024b08c56060] Heap_lock - owner thread: 0x0000024b08c58800

Heap address: 0x0000000081e00000, size: 2018 MB, Compressed Oops mode: Non-zero based: 0x0000000081e00000
Narrow klass base: 0x0000000000000000, Narrow klass shift: 0

GC Heap History (0 events):
No events

Deoptimization events (0 events):
No events

Classes redefined (0 events):
No events

Internal exceptions (0 events):
No events

Events (0 events):
No events


Dynamic libraries:
0x00007ff74a210000 - 0x00007ff74a257000 	C:\Program Files (x86)\JetBrains\IntelliJ IDEA Community Edition 2019.2\jbr\bin\java.exe
0x00007ffffb540000 - 0x00007ffffb730000 	C:\WINDOWS\SYSTEM32\ntdll.dll
0x00007ffff98b0000 - 0x00007ffff9962000 	C:\WINDOWS\System32\KERNEL32.DLL
0x00007ffff8ed0000 - 0x00007ffff9173000 	C:\WINDOWS\System32\KERNELBASE.dll
0x00007ffffa010000 - 0x00007ffffa1a4000 	C:\WINDOWS\System32\USER32.dll
0x00007ffff9490000 - 0x00007ffff94b1000 	C:\WINDOWS\System32\win32u.dll
0x00007ffffa6e0000 - 0x00007ffffa706000 	C:\WINDOWS\System32\GDI32.dll
0x00007ffff92f0000 - 0x00007ffff9484000 	C:\WINDOWS\System32\gdi32full.dll
0x00007ffff8c80000 - 0x00007ffff8d1e000 	C:\WINDOWS\System32\msvcp_win.dll
0x00007ffff91f0000 - 0x00007ffff92ea000 	C:\WINDOWS\System32\ucrtbase.dll
0x00007fffe87b0000 - 0x00007fffe8a35000 	C:\WINDOWS\WinSxS\amd64_microsoft.windows.common-controls_6595b64144ccf1df_6.0.18362.592_none_e6c0b1911312be02\COMCTL32.dll
0x00007ffffb460000 - 0x00007ffffb4fe000 	C:\WINDOWS\System32\msvcrt.dll
0x00007ffffa370000 - 0x00007ffffa6a6000 	C:\WINDOWS\System32\combase.dll
0x00007ffffb280000 - 0x00007ffffb3a0000 	C:\WINDOWS\System32\RPCRT4.dll
0x00007ffff9570000 - 0x00007ffff95f0000 	C:\WINDOWS\System32\bcryptPrimitives.dll
0x00007ffffa6b0000 - 0x00007ffffa6de000 	C:\WINDOWS\System32\IMM32.DLL
0x00007ffff45f0000 - 0x00007ffff4607000 	C:\Program Files (x86)\JetBrains\IntelliJ IDEA Community Edition 2019.2\jbr\bin\vcruntime140.dll
0x00007fffd91f0000 - 0x00007fffd928d000 	C:\Program Files (x86)\JetBrains\IntelliJ IDEA Community Edition 2019.2\jbr\bin\msvcp140.dll
0x00007fff96170000 - 0x00007fff96c27000 	C:\Program Files (x86)\JetBrains\IntelliJ IDEA Community Edition 2019.2\jbr\bin\server\jvm.dll
0x00007ffffa710000 - 0x00007ffffa7b3000 	C:\WINDOWS\System32\ADVAPI32.dll
0x00007ffff9f60000 - 0x00007ffff9ff7000 	C:\WINDOWS\System32\sechost.dll
0x00007ffffb200000 - 0x00007ffffb208000 	C:\WINDOWS\System32\PSAPI.DLL
0x00007ffff3df0000 - 0x00007ffff3e14000 	C:\WINDOWS\SYSTEM32\WINMM.dll
0x00007ffff5730000 - 0x00007ffff5739000 	C:\WINDOWS\SYSTEM32\WSOCK32.dll
0x00007ffffa890000 - 0x00007ffffa8ff000 	C:\WINDOWS\System32\WS2_32.dll
0x00007fffecd10000 - 0x00007fffecd1a000 	C:\WINDOWS\SYSTEM32\VERSION.dll
0x00007ffff3dc0000 - 0x00007ffff3ded000 	C:\WINDOWS\SYSTEM32\WINMMBASE.dll
0x00007ffff9180000 - 0x00007ffff91ca000 	C:\WINDOWS\System32\cfgmgr32.dll
0x00007ffff84b0000 - 0x00007ffff84c1000 	C:\WINDOWS\System32\kernel.appcore.dll
0x00007ffff4620000 - 0x00007ffff4631000 	C:\Program Files (x86)\JetBrains\IntelliJ IDEA Community Edition 2019.2\jbr\bin\verify.dll
0x00007fffebd40000 - 0x00007fffebf34000 	C:\WINDOWS\SYSTEM32\DBGHELP.DLL
0x00007fffd5c40000 - 0x00007fffd5c6a000 	C:\WINDOWS\SYSTEM32\dbgcore.DLL
0x00007fffea320000 - 0x00007fffea349000 	C:\Program Files (x86)\JetBrains\IntelliJ IDEA Community Edition 2019.2\jbr\bin\java.dll
0x00007ffff2ce0000 - 0x00007ffff2cf7000 	C:\Program Files (x86)\JetBrains\IntelliJ IDEA Community Edition 2019.2\jbr\bin\zip.dll
0x00007ffff43d0000 - 0x00007ffff43db000 	C:\Program Files (x86)\JetBrains\IntelliJ IDEA Community Edition 2019.2\jbr\bin\jimage.dll

dbghelp: loaded successfully - version: 4.0.5 - missing functions: none
symbol engine: initialized successfully - sym options: 0x614 - pdb path: .;C:\Program Files (x86)\JetBrains\IntelliJ IDEA Community Edition 2019.2\jbr\bin;C:\WINDOWS\SYSTEM32;C:\WINDOWS\WinSxS\amd64_microsoft.windows.common-controls_6595b64144ccf1df_6.0.18362.592_none_e6c0b1911312be02;C:\Program Files (x86)\JetBrains\IntelliJ IDEA Community Edition 2019.2\jbr\bin\server

VM Arguments:
java_command: Average
java_class_path (initial): .;C:\Program Files\Git\usr\local\lift\lib\stdlib.jar;C:\Program Files\Git\usr\local\lift\lib\introcs.jar
Launcher Type: SUN_STANDARD

[Global flags]
     intx CICompilerCount                          = 3                                         {product} {ergonomic}
     uint ConcGCThreads                            = 1                                         {product} {ergonomic}
     uint G1ConcRefinementThreads                  = 4                                         {product} {ergonomic}
   size_t G1HeapRegionSize                         = 1048576                                   {product} {ergonomic}
    uintx GCDrainStackTargetSize                   = 64                                        {product} {ergonomic}
   size_t InitialHeapSize                          = 134217728                                 {product} {ergonomic}
   size_t MarkStackSize                            = 4194304                                   {product} {ergonomic}
   size_t MaxHeapSize                              = 2116026368                                {product} {ergonomic}
   size_t MinHeapDeltaBytes                        = 1048576                                   {product} {ergonomic}
    uintx NonNMethodCodeHeapSize                   = 5830092                                {pd product} {ergonomic}
    uintx NonProfiledCodeHeapSize                  = 122914074                              {pd product} {ergonomic}
    uintx ProfiledCodeHeapSize                     = 122914074                              {pd product} {ergonomic}
    uintx ReservedCodeCacheSize                    = 251658240                              {pd product} {ergonomic}
     bool SegmentedCodeCache                       = true                                      {product} {ergonomic}
     bool UseCompressedClassPointers               = true                                 {lp64_product} {ergonomic}
     bool UseCompressedOops                        = true                                 {lp64_product} {ergonomic}
     bool UseG1GC                                  = true                                      {product} {ergonomic}
     bool UseLargePagesIndividualAllocation        = false                                  {pd product} {ergonomic}

Logging:
Log output configuration:
 #0: stdout all=warning uptime,level,tags
 #1: stderr all=off uptime,level,tags

Environment Variables:
PATH=C:\Program Files\Git\mingw64\bin;C:\Program Files\Git\usr\bin;C:\Users\Xiakai Pan\bin;C:\Program Files (x86)\JetBrains\IntelliJ IDEA Community Edition 2019.2\jbr\bin;C:\Program Files (x86)\JetBrains\IntelliJ IDEA Community Edition 2019.2\jbr\bin\server;C:\Program Files\Git\usr\local\bin;C:\Program Files\Git\usr\bin;C:\Users\Public\Python\Scripts;C:\Users\Public\Python;C:\Program Files (x86)\Intel\iCLS Client;C:\Program Files\Intel\iCLS Client;C:\Windows\system32;C:\Windows;C:\Windows\System32\Wbem;C:\Windows\System32\WindowsPowerShell\v1.0;C:\Program Files (x86)\Intel\Intel(R) Management Engine Components\DAL;C:\Program Files\Intel\Intel(R) Management Engine Components\DAL;C:\Program Files (x86)\Intel\Intel(R) Management Engine Components\IPT;C:\Program Files\Intel\Intel(R) Management Engine Components\IPT;C:\Program Files (x86)\NVIDIA Corporation\PhysX\Common;C:\WINDOWS\system32;C:\WINDOWS;C:\WINDOWS\System32\Wbem;C:\WINDOWS\System32\WindowsPowerShell\v1.0;C:\WINDOWS\System32\OpenSSH;C:\Program Files (x86)\Bio-Rad Laboratories\Bin;C:\Program Files\Microsoft SQL Server\130\Tools\Binn;C:\Program Files\LLVM\bin;C:\Program Files\Git\cmd;C:\Program Files\Java\jdk-13\bin;C:\Program Files\Java\jdk-11.0.2\bin;C:\Program Files (x86)\SMLNJ\bin;D:\学习\计算机\计算机专业课程\Nand2tetris\nand2tetris\tools;C:\Users\Xiakai Pan\AppData\Local\Microsoft\WindowsApps;D:\学习\计算机\Microsoft VS Code\bin;C:\Program Files\JetBrains\PyCharm Community Edition 2019.2.5\bin;C:\mingw64\bin;C:\Users\Xiakai Pan\AppData\Local\GitHubDesktop\bin;D:\学习\计算机\计算机专业课程\Nand2tetris\nand2tetris\tools
USERNAME=Xiakai Pan
OS=Windows_NT
PROCESSOR_IDENTIFIER=Intel64 Family 6 Model 142 Stepping 9, GenuineIntel



---------------  S Y S T E M  ---------------

OS: Windows 10 , 64 bit Build 18362 (10.0.18362.329)

CPU:total 4 (initial active 4) (2 cores per cpu, 2 threads per core) family 6 model 142 stepping 9, cmov, cx8, fxsr, mmx, sse, sse2, sse3, ssse3, sse4.1, sse4.2, popcnt, avx, avx2, aes, clmul, erms, 3dnowpref, lzcnt, ht, tsc, tscinvbit, bmi1, bmi2, adx, fma

Memory: 4k page, system-wide physical 8069M (1436M free)
TotalPageFile size 8069M (AvailPageFile size 95M)
current process WorkingSet (physical memory assigned to process): 10M, peak: 10M
current process commit charge ("private bytes"): 51M, peak: 179M

vm_info: OpenJDK 64-Bit Server VM (11.0.3+12-b304.10) for windows-amd64 JRE (11.0.3+12-b304.10), built on Jun 25 2019 07:10:45 by "" with MS VC++ 14.0 (VS2015)

END.
